"../../../Engine/Content/EditorBlueprintResources/StandardMacros.uasset" 0
"M:/506/DES506/Content/Project/Program/audio/Clicking.uasset" 1
"M:/506/DES506/Content/Project/Program/audio/Sound_clicking.uasset" 2
"M:/506/DES506/Content/Project/Program/audio/Dead.uasset" 3
"M:/506/DES506/Content/Project/Program/audio/Sound_dead.uasset" 4
"M:/506/DES506/Content/Project/Program/audio/PatrolBoatEngineSound.uasset" 5
"M:/506/DES506/Content/Project/Program/audio/Sound_enginesound.uasset" 6
"M:/506/DES506/Content/Project/Program/audio/freebgm/JURA_-_jura_-_space_war.uasset" 7
"M:/506/DES506/Content/Project/Program/audio/Sound_levelbgm.uasset" 8
"M:/506/DES506/Content/Project/Program/audio/freebgm/06-1129382-Ostenvegr-Outro_-_Unbearable_Nostalgia_.uasset" 9
"M:/506/DES506/Content/Project/Program/audio/Sound_Mainmenu.uasset" 10
"M:/506/DES506/Content/Project/Program/audio/NavPointSelectedA-00.uasset" 11
"M:/506/DES506/Content/Project/Program/audio/Sound_navigationpointselect.uasset" 12
"M:/506/DES506/Content/Project/Program/audio/Shieldactivatenew.uasset" 13
"M:/506/DES506/Content/Project/Program/audio/Sound_SheildActive.uasset" 14
"M:/506/DES506/Content/Project/Program/audio/Weapon01.uasset" 15
"M:/506/DES506/Content/Project/Program/audio/Sound_weapon1.uasset" 16
"M:/506/DES506/Content/Project/Program/audio/audio_BP.uasset" 17
"M:/506/DES506/Content/Project/Program/Crews/animation/engeneer/Machinist_walking_Skeleton.uasset" 18
"M:/506/DES506/Content/Project/Program/Crews/animation/animation11_1/animation/Curing.uasset" 19
"M:/506/DES506/Content/Project/Program/Crews/animation/animation11_1/animation/Dead_when_stand.uasset" 20
"M:/506/DES506/Content/Project/Program/Crews/animation/animation11_1/animation/Dead_when_working.uasset" 21
"M:/506/DES506/Content/Project/Program/Crews/animation/animation11_1/animation/fixing.uasset" 22
"M:/506/DES506/Content/Project/Program/Crews/animation/animation11_1/animation/Fixing_when_stand.uasset" 23
"M:/506/DES506/Content/Project/Program/Crews/animation/animation11_1/animation/hurt.uasset" 24
"M:/506/DES506/Content/Project/Program/Crews/animation/animation11_1/animation/Putting_fire.uasset" 25
"M:/506/DES506/Content/Project/Program/Crews/animation/engeneer/Machinist_walking_Anim.uasset" 26
"M:/506/DES506/Content/Project/Program/Crews/animation/engeneer/Machinist_Working.uasset" 27
"../../../Engine/Content/Functions/Engine_MaterialFunctions02/Texturing/CustomRotator.uasset" 28
"M:/506/DES506/Content/Project/Art/Particle/Vortex/P_VolumetricLignt.uasset" 29
"M:/506/DES506/Content/Project/Art/Particle/Vortex/M_VolumetricLignt.uasset" 30
"../../../Engine/Content/Functions/Engine_MaterialFunctions01/Opacity/CameraDepthFade.uasset" 31
"../../../Engine/Content/EngineMaterials/T_Default_Material_Grid_M.uasset" 32
"../../../Engine/Content/EngineMaterials/T_Default_Material_Grid_N.uasset" 33
"../../../Engine/Content/EngineMaterials/DefaultMaterial.uasset" 34
"../../../Engine/Content/BasicShapes/Cone.uasset" 35
"M:/506/DES506/Content/Project/Art/Particle/Vortex/Circle.uasset" 36
"M:/506/DES506/Content/Project/Art/Particle/Vortex/M_Circle.uasset" 37
"../../../Engine/Content/Functions/Engine_MaterialFunctions01/Density/ExponentialDensity.uasset" 38
"../../../Engine/Content/Functions/Engine_MaterialFunctions01/Gradient/RadialGradientExponential.uasset" 39
"M:/506/DES506/Content/Project/Art/Particle/Vortex/M_Vortex.uasset" 40
"M:/506/DES506/Content/Project/Art/Particle/Vortex/P_Vortex.uasset" 41
"M:/506/DES506/Content/Project/Art/Particle/Vortex/BP_Vortex.uasset" 42
"../../../Engine/Content/BasicShapes/BasicShapeMaterial.uasset" 43
"../../../Engine/Content/BasicShapes/Cylinder.uasset" 44
"M:/506/DES506/Content/Project/Program/SpaceShip/Elevator/Elevator.uasset" 45
"M:/506/DES506/Content/Project/Program/Crews/M_Cursor.uasset" 46
"M:/506/DES506/Content/Project/Program/Crews/FadeCrew/FadeCrew.uasset" 47
"M:/506/DES506/Content/Project/Program/Crews/FadeCrew/FadeCrewInformation.uasset" 48
"M:/506/DES506/Content/Project/Program/Camera/camerashake.uasset" 49
"M:/506/DES506/Content/Project/Program/UI/Crew_UI/General/assets/energy_shield.uasset" 50
"M:/506/DES506/Content/Project/Program/UI/Crew_UI/General/assets/switch_off.uasset" 51
"M:/506/DES506/Content/Project/Program/UI/Crew_UI/General/assets/switch_off_click.uasset" 52
"M:/506/DES506/Content/Project/Program/UI/Crew_UI/General/assets/switch_on.uasset" 53
"M:/506/DES506/Content/Project/Program/UI/Crew_UI/General/assets/switch_on_click.uasset" 54
"M:/506/DES506/Content/Project/Program/UI/Crew_UI/General/EnergyShieldUI.uasset" 55
"../../../Engine/Content/Functions/Engine_MaterialFunctions02/Texturing/ScreenAlignedPixelToPixelUVs.uasset" 56
"../../../Engine/Content/EngineMaterials/Good64x64TilingNoiseHighFreq.uasset" 57
"../../../Engine/Content/Functions/Engine_MaterialFunctions02/Utility/DitherTemporalAA.uasset" 58
"M:/506/DES506/Content/Project/Art/SpaceShip/Inside/shield1.uasset" 59
"M:/506/DES506/Content/Project/Art/SpaceShip/Inside/Material/Modules/M_EnergyShield.uasset" 60
"M:/506/DES506/Content/Project/Program/UI/Modules_UI/OverloadBar.uasset" 61
"M:/506/DES506/Content/Project/Program/UI/Modules_UI/NewOverload_Widget.uasset" 62
"M:/506/DES506/Content/Project/Art/Modules/HolographicProjection/M_All.uasset" 63
"M:/506/DES506/Content/Project/Art/Modules/HolographicProjection/Shield.uasset" 64
"M:/506/DES506/Content/Project/Art/SpaceShip/Inside/temperature_screen.uasset" 65
"M:/506/DES506/Content/Project/Art/SpaceShip/Inside/Material/level1_screen_front.uasset" 66
"M:/506/DES506/Content/Project/Art/SpaceShip/Inside/all_polySurface118.uasset" 67
"M:/506/DES506/Content/Project/Program/SpaceShip/Modules/EnergyShield.uasset" 68
"M:/506/DES506/Content/Project/Program/EnemyAi/NewFolder/enemyAssets/M_Bullet.uasset" 69
"../../../Engine/Content/EngineMaterials/WorldGridMaterial.uasset" 70
"../../../Engine/Content/BasicShapes/Cube.uasset" 71
"M:/506/DES506/Content/Project/Program/EnemyAi/NewFolder/Bullet_Enemy.uasset" 72
"M:/506/DES506/Content/Project/Program/EnemyAi/NewFolder/enemy.uasset" 73
"M:/506/DES506/Content/Project/Program/GameMode/levelflow/levelflow.uasset" 74
"M:/506/DES506/Content/Project/Art/Environment/Sun/Material/StarMap.uasset" 75
"M:/506/DES506/Content/Project/Art/Environment/Sun/Material/StarMap_Inst.uasset" 76
"M:/506/DES506/Content/StarterContent/Materials/M_Basic_Wall.uasset" 77
"M:/506/DES506/Content/StarterContent/Shapes/Shape_Cube.uasset" 78
"M:/506/DES506/Content/Project/Program/navigation/newnavigationpoint/generatedNavigationPoint.uasset" 79
"../../../Engine/Content/Functions/Engine_MaterialFunctions01/Gradient/SphereGradient-2D.uasset" 80
"../../../Engine/Content/Functions/Engine_MaterialFunctions02/Utility/VectorToRadialValue.uasset" 81
"M:/506/DES506/Content/Project/Program/UI/AimUI/Mat_aimcircle.uasset" 82
"M:/506/DES506/Content/Project/Program/UI/AimUI/aimprogress.uasset" 83
"M:/506/DES506/Content/Project/Program/navigation/assets/M_purered.uasset" 84
"M:/506/DES506/Content/Project/Program/UI/AimUI/target_128px_1229405_easyicon_net__1_.uasset" 85
"M:/506/DES506/Content/Project/Program/UI/AimUI/targetUI.uasset" 86
"../../../Engine/Content/BasicShapes/Sphere.uasset" 87
"M:/506/DES506/Content/Project/Program/UI/AimUI/navigation_point.uasset" 88
"M:/506/DES506/Content/Project/Program/navigation/newnavigationpoint/NavigationPointParent.uasset" 89
"../../../Engine/Content/Functions/Engine_MaterialFunctions02/Math/TimeWithSpeedVariable.uasset" 90
"M:/506/DES506/Content/Project/Program/rescue/spline/finish_Mat.uasset" 91
"M:/506/DES506/Content/Project/Program/rescue/spline/guide111_2.uasset" 92
"M:/506/DES506/Content/Project/Program/rescue/spline/lambert1.uasset" 93
"M:/506/DES506/Content/Project/Program/rescue/spline/TIP__1_.uasset" 94
"M:/506/DES506/Content/Project/Program/rescue/spline/rescue_boat_spline.uasset" 95
"M:/506/DES506/Content/Project/Program/navigation/newnavigationpoint/M_pure_color.uasset" 96
"M:/506/DES506/Content/Project/Program/navigation/newnavigationpoint/M_pure_color_yellow.uasset" 97
"M:/506/DES506/Content/Project/Program/navigation/newnavigationpoint/M_pure_green.uasset" 98
"M:/506/DES506/Content/Project/Program/rescue/Enum_rescueboatMovintType.uasset" 99
"M:/506/DES506/Content/Project/Program/navigation/newnavigationpoint/rescue_boat_Navigation.uasset" 100
"M:/506/DES506/Content/Project/Program/navigation/newnavigationpoint/big_stones_polySurface310_polySurface353.uasset" 101
"M:/506/DES506/Content/Project/Program/navigation/newnavigationpoint/big_stones_polySurface310_polySurface353_DM.uasset" 102
"M:/506/DES506/Content/Project/Program/navigation/newnavigationpoint/M_pure_color_Inst.uasset" 103
"M:/506/DES506/Content/Project/Program/rescue/rock/rock_rescue.uasset" 104
"M:/506/DES506/Content/Project/Program/rescue/assets/lambert3.uasset" 105
"M:/506/DES506/Content/Project/Program/rescue/assets/astronaut.uasset" 106
"M:/506/DES506/Content/Project/Program/rescue/assets/pasted__lambert2.uasset" 107
"M:/506/DES506/Content/Project/Program/rescue/assets/survivor__wreckage_textured_polySurface36.uasset" 108
"M:/506/DES506/Content/Project/Program/rescue/rescue_target_char.uasset" 109
"M:/506/DES506/Content/Project/Art/guide/guide111_2.uasset" 110
"M:/506/DES506/Content/Project/Program/rescue/RescueBoat_Opacity.uasset" 111
"M:/506/DES506/Content/Project/Program/rescue/assets/rescue_boat.uasset" 112
"M:/506/DES506/Content/Project/Program/rescue/assets/lambert2.uasset" 113
"M:/506/DES506/Content/Project/Program/UI/Modules_UI/ModuleIntroduction.uasset" 114
"M:/506/DES506/Content/Project/Art/guide/arrow.uasset" 115
"M:/506/DES506/Content/Project/Program/audio/Sound_RescueBoatSiren.uasset" 116
"M:/506/DES506/Content/Project/Program/rescue/assets/rescue_boat_textured.uasset" 117
"M:/506/DES506/Content/roomrotate/ParticleEffect/laze/texture/laze_stamen.uasset" 118
"M:/506/DES506/Content/roomrotate/ParticleEffect/laze/MAT/laze_stamen.uasset" 119
"../../../Engine/Content/Functions/Engine_MaterialFunctions01/Gradient/RadialGradient.uasset" 120
"M:/506/DES506/Content/roomrotate/ParticleEffect/laze/MAT/round.uasset" 121
"M:/506/DES506/Content/Project/Program/SpaceShip/OpacityControl/SpaceShipOutsideOpacityController_Right.uasset" 122
"M:/506/DES506/Content/roomrotate/ParticleEffect/laze/MAT/trail.uasset" 123
"M:/506/DES506/Content/roomrotate/ParticleEffect/magicCircle/Magic_Cirlce_Text.uasset" 124
"M:/506/DES506/Content/roomrotate/ParticleEffect/magicCircle/Magic_Circle_Material.uasset" 125
"M:/506/DES506/Content/roomrotate/ParticleEffect/laze/LAZE_rescue.uasset" 126
"M:/506/DES506/Content/StarterContent/Textures/T_Burst_M.uasset" 127
"M:/506/DES506/Content/StarterContent/Particles/Materials/M_Burst.uasset" 128
"M:/506/DES506/Content/StarterContent/Textures/T_Explosion_SubUV.uasset" 129
"M:/506/DES506/Content/StarterContent/Particles/Materials/M_explosion_subUV.uasset" 130
"M:/506/DES506/Content/StarterContent/Particles/Materials/m_flare_01.uasset" 131
"M:/506/DES506/Content/StarterContent/Particles/Materials/M_radial_ramp.uasset" 132
"M:/506/DES506/Content/StarterContent/Textures/T_Smoke_SubUV.uasset" 133
"M:/506/DES506/Content/StarterContent/Textures/T_Smoke_Tiled_D.uasset" 134
"M:/506/DES506/Content/StarterContent/Particles/Materials/M_smoke_subUV.uasset" 135
"M:/506/DES506/Content/StarterContent/Particles/P_Explosion.uasset" 136
"M:/506/DES506/Content/Project/Program/rescue/rescue_boat.uasset" 137
"M:/506/DES506/Content/Project/Art/SpaceShip/Inside/weapon1.uasset" 138
"M:/506/DES506/Content/Project/Art/SpaceShip/Inside/Material/Modules/M_WeaponStation.uasset" 139
"M:/506/DES506/Content/Project/Art/SpaceShip/Inside/weapon_screen1.uasset" 140
"M:/506/DES506/Content/Project/Art/SpaceShip/Inside/Material/Modules/weapon_screen.uasset" 141
"M:/506/DES506/Content/Project/Art/Modules/HolographicProjection/Aim.uasset" 142
"M:/506/DES506/Content/Project/Art/SpaceShip/Inside/all_polySurface132.uasset" 143
"M:/506/DES506/Content/Project/Program/SpaceShip/Modules/ShootingModule.uasset" 144
"M:/506/DES506/Content/Project/Program/SpaceShip/OpacityControl/GeneralInsideOpacityController.uasset" 145
"M:/506/DES506/Content/Project/Program/Crews/animation/animation11_1/gunner/gunner1.uasset" 146
"M:/506/DES506/Content/Project/Program/Crews/animation/animation11_1/gunner/gunner_body2.uasset" 147
"M:/506/DES506/Content/Project/Program/Crews/animation/animation11_1/gunner/lambert7.uasset" 148
"M:/506/DES506/Content/Project/Program/Crews/animation/animation11_1/gunner/uniform.uasset" 149
"M:/506/DES506/Content/Project/Program/Crews/animation/animation11_1/gunner/uniform2.uasset" 150
"M:/506/DES506/Content/Project/Program/Crews/animation/animation11_1/gunner/polit_body.uasset" 151
"M:/506/DES506/Content/Project/Program/Crews/animation/animation11_1/gunner/pasted__pilot_body2.uasset" 152
"M:/506/DES506/Content/Project/Program/Crews/animation/animation11_1/gunner/face1.uasset" 153
"M:/506/DES506/Content/Project/Program/Crews/animation/animation11_1/gunner/pasted__pilot_face2.uasset" 154
"M:/506/DES506/Content/Project/Program/Crews/animation/animation11_1/gunner/Gunner_PhysicsAsset.uasset" 155
"M:/506/DES506/Content/Project/Program/Crews/animation/animation11_1/gunner/Gunner.uasset" 156
"M:/506/DES506/Content/Project/Program/Crews/Gunner/Gunner.uasset" 157
"M:/506/DES506/Content/Project/Program/UI/Crew_UI/General/air_conditionUI/1.uasset" 158
"M:/506/DES506/Content/Project/Program/UI/Crew_UI/General/air_conditionUI/cool_down.uasset" 159
"M:/506/DES506/Content/Project/Program/UI/Crew_UI/General/air_conditionUI/cool_down_click.uasset" 160
"M:/506/DES506/Content/Project/Program/UI/Crew_UI/General/air_conditionUI/turn_off.uasset" 161
"M:/506/DES506/Content/Project/Program/UI/Crew_UI/General/air_conditionUI/turn_off_click.uasset" 162
"M:/506/DES506/Content/Project/Program/UI/Crew_UI/General/AirConditionerUI.uasset" 163
"M:/506/DES506/Content/Project/Art/SpaceShip/Inside/temperature1.uasset" 164
"M:/506/DES506/Content/Project/Art/SpaceShip/Inside/Material/Modules/M_Airconditioner.uasset" 165
"M:/506/DES506/Content/Project/Art/Modules/HolographicProjection/Thermometer.uasset" 166
"M:/506/DES506/Content/Project/Art/SpaceShip/Inside/Material/level1_screen_behind.uasset" 167
"M:/506/DES506/Content/Project/Art/SpaceShip/Inside/all_polySurface134.uasset" 168
"M:/506/DES506/Content/Project/Program/SpaceShip/Modules/AirConditioner.uasset" 169
"M:/506/DES506/Content/Project/Art/SpaceShip/Inside/Material/Modules/M_EngineerStation.uasset" 170
"M:/506/DES506/Content/Project/Art/Modules/HolographicProjection/Engineer.uasset" 171
"M:/506/DES506/Content/Project/Art/SpaceShip/Inside/all_polySurface143.uasset" 172
"M:/506/DES506/Content/Project/Program/SpaceShip/Modules/EngineerStation.uasset" 173
"M:/506/DES506/Content/Project/Art/Crews/Machinist/machinist1.uasset" 174
"M:/506/DES506/Content/Project/Art/Crews/Machinist/lambert2.uasset" 175
"M:/506/DES506/Content/Project/Program/Crews/animation/animation11_1/engineer/face1.uasset" 176
"M:/506/DES506/Content/Project/Program/Crews/animation/animation11_1/engineer/lambert10.uasset" 177
"M:/506/DES506/Content/Project/Program/Crews/animation/animation11_1/engineer/machinist1.uasset" 178
"M:/506/DES506/Content/Project/Program/Crews/animation/animation11_1/engineer/lambert8.uasset" 179
"M:/506/DES506/Content/Project/Program/Crews/animation/animation11_1/engineer/lambert9.uasset" 180
"M:/506/DES506/Content/Project/Program/levelflow/postprocess_controller.uasset" 181
"M:/506/DES506/Content/Project/Program/SpaceShip/Modules/EnergyStorage.uasset" 182
"M:/506/DES506/Content/Project/Program/UI/Crew_UI/General/engine_assets/1.uasset" 183
"M:/506/DES506/Content/Project/Program/UI/Crew_UI/General/engine_assets/engine_boost.uasset" 184
"M:/506/DES506/Content/Project/Program/UI/Crew_UI/General/engine_assets/engine_boost_click.uasset" 185
"M:/506/DES506/Content/Project/Program/UI/Crew_UI/General/engine_assets/stop_boosting.uasset" 186
"M:/506/DES506/Content/Project/Program/UI/Crew_UI/General/engine_assets/stop_boosting_click.uasset" 187
"M:/506/DES506/Content/Project/Program/UI/Crew_UI/General/EngineUI.uasset" 188
"M:/506/DES506/Content/Project/Art/SpaceShip/Inside/engine1.uasset" 189
"M:/506/DES506/Content/Project/Art/SpaceShip/Inside/Material/Modules/M_Engine.uasset" 190
"M:/506/DES506/Content/Project/Art/Modules/HolographicProjection/Gear.uasset" 191
"M:/506/DES506/Content/Project/Art/SpaceShip/Inside/all_polySurface126.uasset" 192
"M:/506/DES506/Content/Project/Program/SpaceShip/Modules/Engine.uasset" 193
"M:/506/DES506/Content/StarterContent/Architecture/Pillar_50x500.uasset" 194
"M:/506/DES506/Content/Project/Program/navigation/newnavigationpoint/TargetPoint.uasset" 195
"M:/506/DES506/Content/Project/Art/SpaceShip/Inside/navigator1.uasset" 196
"M:/506/DES506/Content/Project/Art/SpaceShip/Inside/Material/Modules/NavigatorArea.uasset" 197
"M:/506/DES506/Content/Project/Art/Modules/HolographicProjection/Compass2.uasset" 198
"M:/506/DES506/Content/Project/Art/SpaceShip/Inside/all_pCube13.uasset" 199
"M:/506/DES506/Content/Project/Program/SpaceShip/Modules/NavigatorArea.uasset" 200
"M:/506/DES506/Content/Project/Art/SpaceShip/Inside/oxygen_bottle1.uasset" 201
"M:/506/DES506/Content/Project/Art/SpaceShip/Inside/Material/Modules/OxygenGenerator.uasset" 202
"M:/506/DES506/Content/Project/Art/Modules/HolographicProjection/Life_support.uasset" 203
"M:/506/DES506/Content/Project/Art/SpaceShip/Inside/oxygen_bottle_screen.uasset" 204
"M:/506/DES506/Content/Project/Art/SpaceShip/Inside/Material/Modules/oxygen_screen.uasset" 205
"M:/506/DES506/Content/Project/Art/SpaceShip/Inside/oxygen_bottle.uasset" 206
"M:/506/DES506/Content/Project/Program/SpaceShip/Modules/Enum_module_broken.uasset" 207
"M:/506/DES506/Content/Project/Program/SpaceShip/Modules/OxygenGenerator.uasset" 208
"M:/506/DES506/Content/Project/Art/SpaceShip/Inside/pilot1.uasset" 209
"M:/506/DES506/Content/Project/Art/SpaceShip/Inside/Material/Modules/M_PilotArea.uasset" 210
"M:/506/DES506/Content/Project/Art/SpaceShip/Inside/pilot_screen1.uasset" 211
"M:/506/DES506/Content/Project/Art/SpaceShip/Inside/Material/Modules/M_PilotScreen.uasset" 212
"M:/506/DES506/Content/Project/Art/SpaceShip/Inside/all_pCube12.uasset" 213
"M:/506/DES506/Content/Project/Program/Crews/animation/animation11_1/navigator/face1.uasset" 214
"M:/506/DES506/Content/Project/Program/Crews/animation/animation11_1/navigator/captain_face.uasset" 215
"M:/506/DES506/Content/Project/Program/Crews/animation/animation11_1/navigator/uniform.uasset" 216
"M:/506/DES506/Content/Project/Program/Crews/animation/animation11_1/navigator/captain_uniform.uasset" 217
"M:/506/DES506/Content/Project/Program/Crews/animation/animation11_1/navigator/glass.uasset" 218
"M:/506/DES506/Content/Project/Art/Crews/Pilot/Default_Material.uasset" 219
"M:/506/DES506/Content/Project/Art/Crews/Pilot/lambert1.uasset" 220
"M:/506/DES506/Content/Project/Art/Crews/Pilot/polit_body.uasset" 221
"M:/506/DES506/Content/Project/Art/Crews/Pilot/pilot_body.uasset" 222
"M:/506/DES506/Content/Project/Art/Crews/Pilot/face1.uasset" 223
"M:/506/DES506/Content/Project/Art/Crews/Pilot/pilot_face.uasset" 224
"M:/506/DES506/Content/Project/Art/Crews/Pilot/pilot.uasset" 225
"M:/506/DES506/Content/Project/Program/Crews/animation/animation11_1/navigator/navigator_body.uasset" 226
"M:/506/DES506/Content/Project/Program/Crews/animation/animation11_1/navigator/captain_body.uasset" 227
"M:/506/DES506/Content/Project/Program/Crews/animation/animation11_1/navigator/Navigator_PhysicsAsset.uasset" 228
"M:/506/DES506/Content/Project/Program/Crews/animation/animation11_1/navigator/Navigator.uasset" 229
"M:/506/DES506/Content/Project/Program/Crews/Pilot/Pilot.uasset" 230
"M:/506/DES506/Content/Project/Program/Cutscenes/GameEnding.uasset" 231
"M:/506/DES506/Content/Project/Program/UI/Crew_UI/Pilot/ASSETS/land_in.uasset" 232
"M:/506/DES506/Content/Project/Program/UI/Crew_UI/Pilot/ASSETS/land_in_click.uasset" 233
"M:/506/DES506/Content/Project/Program/UI/Crew_UI/Pilot/ASSETS/poilt_sttation.uasset" 234
"M:/506/DES506/Content/Project/Program/UI/Crew_UI/Pilot/ASSETS/take_off.uasset" 235
"M:/506/DES506/Content/Project/Program/UI/Crew_UI/Pilot/ASSETS/take_off_click.uasset" 236
"M:/506/DES506/Content/Project/Program/UI/Crew_UI/Pilot/Pilot_UI.uasset" 237
"M:/506/DES506/Content/Project/Program/SpaceShip/Modules/PilotArea.uasset" 238
"M:/506/DES506/Content/Project/Program/UI/tip_ui/tip_ui.uasset" 239
"M:/506/DES506/Content/Project/Program/UI/shipUI/ASSETS/bar/blue.uasset" 240
"M:/506/DES506/Content/Project/Program/UI/shipUI/ASSETS/bar/green.uasset" 241
"M:/506/DES506/Content/Project/Program/UI/shipUI/ASSETS/bar/red.uasset" 242
"M:/506/DES506/Content/Project/Program/UI/shipUI/ASSETS/bar/red1.uasset" 243
"M:/506/DES506/Content/Project/Program/UI/shipUI/ASSETS/bar/yellow.uasset" 244
"M:/506/DES506/Content/Project/Program/UI/shipUI/ASSETS/bar1.uasset" 245
"M:/506/DES506/Content/Project/Program/UI/shipUI/ASSETS/moduleicon/AC_1.uasset" 246
"M:/506/DES506/Content/Project/Program/UI/shipUI/ASSETS/moduleicon/bar.uasset" 247
"M:/506/DES506/Content/Project/Program/UI/shipUI/ASSETS/moduleicon/energy_shield1.uasset" 248
"M:/506/DES506/Content/Project/Program/UI/shipUI/ASSETS/moduleicon/energy_station.uasset" 249
"M:/506/DES506/Content/Project/Program/UI/shipUI/ASSETS/moduleicon/engine_1.uasset" 250
"M:/506/DES506/Content/Project/Program/UI/shipUI/ASSETS/moduleicon/engineer_station_1.uasset" 251
"M:/506/DES506/Content/Project/Program/UI/shipUI/ASSETS/moduleicon/enpty.uasset" 252
"M:/506/DES506/Content/Project/Program/UI/shipUI/ASSETS/moduleicon/gun_station1.uasset" 253
"M:/506/DES506/Content/Project/Program/UI/shipUI/ASSETS/moduleicon/icon.uasset" 254
"M:/506/DES506/Content/Project/Program/UI/shipUI/ASSETS/moduleicon/navigation_station_1.uasset" 255
"M:/506/DES506/Content/Project/Program/UI/shipUI/ASSETS/moduleicon/newmoduleicon/ac.uasset" 256
"M:/506/DES506/Content/Project/Program/UI/shipUI/ASSETS/moduleicon/newmoduleicon/oxygen_station.uasset" 257
"M:/506/DES506/Content/Project/Program/UI/shipUI/ASSETS/moduleicon/oxygen_1.uasset" 258
"M:/506/DES506/Content/Project/Program/UI/shipUI/ASSETS/moduleicon/pilot_1.uasset" 259
"M:/506/DES506/Content/Project/Program/UI/shipUI/ASSETS/statueIcon/on_fire.uasset" 260
"M:/506/DES506/Content/Project/Program/UI/shipUI/ASSETS/statueIcon/operate.uasset" 261
"M:/506/DES506/Content/Project/Program/UI/shipUI/ASSETS/statueIcon/short_cricue.uasset" 262
"M:/506/DES506/Content/Project/Program/UI/shipUI/NEW_TASKLIST.uasset" 263
"M:/506/DES506/Content/Project/Program/UI/shipUI/new_UI_11_22.uasset" 264
"M:/506/DES506/Content/Project/Program/UI/shipUI/UI_ship.uasset" 265
"M:/506/DES506/Content/Project/Art/Crews/Machinist/lambert1.uasset" 266
"M:/506/DES506/Content/Project/Art/Crews/Machinist/face1.uasset" 267
"M:/506/DES506/Content/Project/Art/Crews/Machinist/lambert3.uasset" 268
"M:/506/DES506/Content/Project/Art/Crews/Machinist/machinist.uasset" 269
"M:/506/DES506/Content/Project/Program/Crews/animation/animation11_1/engineer/machinist_PhysicsAsset.uasset" 270
"M:/506/DES506/Content/Project/Program/Crews/animation/animation11_1/engineer/machinist.uasset" 271
"M:/506/DES506/Content/Project/Program/UI/shipUI/ASSETS/moduleicon/enigneer_station.uasset" 272
"M:/506/DES506/Content/Project/Program/UI/shipUI/ASSETS/moduleicon/gear_2.uasset" 273
"M:/506/DES506/Content/Project/Program/UI/shipUI/ASSETS/moduleicon/gear_3.uasset" 274
"M:/506/DES506/Content/Project/Program/UI/shipUI/ASSETS/moduleicon/newmoduleicon/energy_shield.uasset" 275
"M:/506/DES506/Content/Project/Program/UI/shipUI/ASSETS/moduleicon/newmoduleicon/engine.uasset" 276
"M:/506/DES506/Content/Project/Program/UI/shipUI/ASSETS/moduleicon/newmoduleicon/gun_station.uasset" 277
"M:/506/DES506/Content/Project/Program/UI/shipUI/ASSETS/moduleicon/newmoduleicon/navigation_station.uasset" 278
"M:/506/DES506/Content/Project/Program/UI/shipUI/ASSETS/moduleicon/newmoduleicon/pilot_station.uasset" 279
"M:/506/DES506/Content/Project/Program/UI/shipUI/ASSETS/moduleicon/repair.uasset" 280
"M:/506/DES506/Content/Project/Program/UI/shipUI/ASSETS/moduleicon/repair_-_p.uasset" 281
"M:/506/DES506/Content/Project/Program/UI/Crew_UI/Engineer/EngineerStation_UI.uasset" 282
"M:/506/DES506/Content/Project/Program/Crews/Machinist/Machinist.uasset" 283
"M:/506/DES506/Content/Project/Art/Crews/Navigator/pilot.uasset" 284
"M:/506/DES506/Content/Project/Art/Crews/Navigator/captain_body.uasset" 285
"M:/506/DES506/Content/Project/Program/Crews/animation/animation11_1/captain/Default_Material.uasset" 286
"M:/506/DES506/Content/Project/Program/Crews/animation/animation11_1/captain/lambert11.uasset" 287
"M:/506/DES506/Content/Project/Program/Crews/animation/animation11_1/captain/polit_body.uasset" 288
"M:/506/DES506/Content/Project/Program/Crews/animation/animation11_1/captain/pilot_body.uasset" 289
"M:/506/DES506/Content/Project/Program/Crews/animation/animation11_1/captain/face1.uasset" 290
"M:/506/DES506/Content/Project/Program/Crews/animation/animation11_1/captain/pilot_face.uasset" 291
"M:/506/DES506/Content/Project/Art/Crews/Navigator/face1.uasset" 292
"M:/506/DES506/Content/Project/Art/Crews/Navigator/captain_face.uasset" 293
"M:/506/DES506/Content/Project/Art/Crews/Navigator/uniform.uasset" 294
"M:/506/DES506/Content/Project/Art/Crews/Navigator/captain_uniform.uasset" 295
"M:/506/DES506/Content/Project/Art/Crews/Navigator/glass.uasset" 296
"M:/506/DES506/Content/Project/Art/Crews/Navigator/Navigator.uasset" 297
"M:/506/DES506/Content/Project/Program/Crews/animation/animation11_1/captain/Pilot_PhysicsAsset.uasset" 298
"M:/506/DES506/Content/Project/Program/Crews/animation/animation11_1/captain/Pilot.uasset" 299
"M:/506/DES506/Content/Project/Program/Crews/Navigator/Navigator.uasset" 300
"M:/506/DES506/Content/Project/Program/audio/rockselelct.uasset" 301
"M:/506/DES506/Content/Project/Program/audio/Sound_selecterror.uasset" 302
"M:/506/DES506/Content/Project/Program/Crews/Crew/assets/1122new/CAPTAIN.uasset" 303
"M:/506/DES506/Content/Project/Program/Crews/Crew/assets/1122new/ENGINEER.uasset" 304
"M:/506/DES506/Content/Project/Program/Crews/Crew/assets/1122new/NAVIGATOR.uasset" 305
"M:/506/DES506/Content/Project/Program/Crews/Crew/assets/1122new/WEAPON_OFFICER.uasset" 306
"M:/506/DES506/Content/Project/Program/Crews/Crew/assets/new/bar.uasset" 307
"M:/506/DES506/Content/Project/Program/Crews/Crew/assets/new/bar1.uasset" 308
"M:/506/DES506/Content/Project/Program/Crews/Crew/assets/new/NAVIGATOR.uasset" 309
"M:/506/DES506/Content/Project/Program/Crews/Crew/Enum_crew.uasset" 310
"M:/506/DES506/Content/Project/Program/Crews/Crew/Enum_crew_tool.uasset" 311
"M:/506/DES506/Content/Project/Program/UI/Crew_UI/General/fireextinguisher.uasset" 312
"M:/506/DES506/Content/Project/Program/UI/shipUI/ASSETS/moduleicon/dialogue_box.uasset" 313
"M:/506/DES506/Content/Project/Program/Crews/Crew/crew_widget.uasset" 314
"M:/506/DES506/Content/Project/Program/UI/AimUI/Lock.uasset" 315
"M:/506/DES506/Content/Project/Program/UI/AimUI/aim_widget.uasset" 316
"M:/506/DES506/Content/Project/Program/UI/complete_UI/assets/continue.uasset" 317
"M:/506/DES506/Content/Project/Program/UI/complete_UI/assets/continue_click.uasset" 318
"M:/506/DES506/Content/Project/Program/UI/complete_UI/assets/exit.uasset" 319
"M:/506/DES506/Content/Project/Program/UI/complete_UI/assets/exit_click.uasset" 320
"M:/506/DES506/Content/Project/Program/UI/Pause_UI/pause_UI.uasset" 321
"M:/506/DES506/Content/Project/Program/GameMode/Mouse_PlayerController.uasset" 322
"M:/506/DES506/Content/Project/Program/SpaceShip/OpacityControl/Inside_Flat0.uasset" 323
"M:/506/DES506/Content/Project/Program/SpaceShip/OpacityControl/Inside_Flat1.uasset" 324
"M:/506/DES506/Content/Project/Program/SpaceShip/OpacityControl/Inside_Flat2.uasset" 325
"M:/506/DES506/Content/Project/Program/SpaceShip/OpacityControl/SpaceShipOutsideOpacityController_Left.uasset" 326
"M:/506/DES506/Content/Project/Program/Camera/MainRotateCameraPawn.uasset" 327
"M:/506/DES506/Content/Project/Program/navigation/Navigationpoint.uasset" 328
"M:/506/DES506/Content/Project/Program/Camera/AimCameraPawn.uasset" 329
"M:/506/DES506/Content/Project/Program/SpaceShip/Modules/assets/tex_fire_ext.uasset" 330
"M:/506/DES506/Content/Project/Program/SpaceShip/Modules/assets/M_fire_exting.uasset" 331
"M:/506/DES506/Content/Project/Program/SpaceShip/Modules/assets/M_fire_exting_Inbox.uasset" 332
"M:/506/DES506/Content/Project/Program/SpaceShip/Modules/assets/fire_ext_1.uasset" 333
"M:/506/DES506/Content/Project/Program/SpaceShip/Modules/assets/fire_ext_2.uasset" 334
"M:/506/DES506/Content/Project/Program/SpaceShip/Modules/Fireextinguisher.uasset" 335
"M:/506/DES506/Content/Project/Program/UI/BrokenWarning_UI/disappear.uasset" 336
"M:/506/DES506/Content/Project/Program/UI/BrokenWarning_UI/warning_152_06837606838px_1236320_easyicon_net.uasset" 337
"M:/506/DES506/Content/Project/Program/UI/BrokenWarning_UI/warning_widget.uasset" 338
"M:/506/DES506/Content/Project/Program/UI/Modules_UI/ModulesName.uasset" 339
"M:/506/DES506/Content/Geometry/Meshes/CubeMaterial.uasset" 340
"M:/506/DES506/Content/Geometry/Meshes/1M_Cube.uasset" 341
"M:/506/DES506/Content/Project/Art/light/light2.uasset" 342
"M:/506/DES506/Content/Project/Art/light/lightning.uasset" 343
"M:/506/DES506/Content/Project/Art/light/lightnin.uasset" 344
"M:/506/DES506/Content/Project/Art/Modules/HolographicProjection/Commander.uasset" 345
"M:/506/DES506/Content/Project/Program/audio/CrewStation_Break.uasset" 346
"M:/506/DES506/Content/Project/Program/audio/Soundcue_CrewStation_Break.uasset" 347
"M:/506/DES506/Content/StarterContent/Textures/T_Fire_SubUV.uasset" 348
"M:/506/DES506/Content/StarterContent/Textures/T_Fire_Tiled_D.uasset" 349
"M:/506/DES506/Content/StarterContent/Particles/Materials/M_Fire_SubUV.uasset" 350
"M:/506/DES506/Content/StarterContent/Textures/T_Water_N.uasset" 351
"M:/506/DES506/Content/StarterContent/Particles/Materials/M_Heat_Distortion.uasset" 352
"M:/506/DES506/Content/StarterContent/Particles/Materials/M_Radial_Gradient.uasset" 353
"M:/506/DES506/Content/Project/Program/SpaceShip/Modules/emitter/P_ModuleFire.uasset" 354
"M:/506/DES506/Content/Project/Program/SpaceShip/Modules/BasicModule.uasset" 355
"M:/506/DES506/Content/Project/Art/SpaceShip/Inside/Material/Modules/M_GlassBottle.uasset" 356
"M:/506/DES506/Content/Project/Art/SpaceShip/Inside/treatment.uasset" 357
"M:/506/DES506/Content/Project/Art/SpaceShip/Inside/Material/Modules/sick_bay.uasset" 358
"M:/506/DES506/Content/Project/Art/SpaceShip/Inside/all_pasted__pCylinder19.uasset" 359
"M:/506/DES506/Content/Project/Art/SpaceShip/Inside/all_polySurface146.uasset" 360
"M:/506/DES506/Content/Project/Program/SpaceShip/Modules/health_bag.uasset" 361
"M:/506/DES506/Content/Project/Program/Crews/animation/engeneer/BP_animation_crew.uasset" 362
"M:/506/DES506/Content/Project/Art/Crews/Gunner/Material/gunner1.uasset" 363
"M:/506/DES506/Content/Project/Art/Crews/Gunner/Material/gunner_body.uasset" 364
"M:/506/DES506/Content/Project/Art/Crews/Gunner/Material/uniform1.uasset" 365
"M:/506/DES506/Content/Project/Art/Crews/Gunner/Material/uniform.uasset" 366
"M:/506/DES506/Content/Project/Program/Crews/Crew/crew_hpbar.uasset" 367
"M:/506/DES506/Content/Project/Program/UI/UI_lock/kulou.uasset" 368
"M:/506/DES506/Content/Project/Program/UI/UI_lock/lock_91_090909090909px_1210125_easyicon_net.uasset" 369
"M:/506/DES506/Content/Project/Program/UI/UI_lock/UI_lock.uasset" 370
"M:/506/DES506/Content/Project/Art/Crews/Gunner/gunner_model.uasset" 371
"M:/506/DES506/Content/Project/Art/RingUI/RIng1.uasset" 372
"M:/506/DES506/Content/Project/Art/RingUI/ring.uasset" 373
"M:/506/DES506/Content/Project/Program/Crews/animation/gunner/gunner_body.uasset" 374
"M:/506/DES506/Content/Project/Program/Crews/animation/gunner/uniform.uasset" 375
"M:/506/DES506/Content/Project/Program/Crews/animation/gunner/Gunner_walking_PhysicsAsset.uasset" 376
"M:/506/DES506/Content/Project/Program/Crews/animation/gunner/Gunner_walking.uasset" 377
"M:/506/DES506/Content/Project/Program/SpaceShip/Modules/assets/Tex_toolbox.uasset" 378
"M:/506/DES506/Content/Project/Program/SpaceShip/Modules/assets/M_tool_one.uasset" 379
"M:/506/DES506/Content/Project/Program/SpaceShip/Modules/assets/tool_one.uasset" 380
"M:/506/DES506/Content/Project/Program/Crews/Crew/Crew.uasset" 381
"M:/506/DES506/Content/Project/Program/EnemyAi/NewFolder/enemyAssets/M_Bullet_2.uasset" 382
"M:/506/DES506/Content/Project/Program/EnemyAi/NewFolder/bullet_mesh.uasset" 383
"M:/506/DES506/Content/Project/Program/EnemyAi/NewFolder/bullet_red.uasset" 384
"M:/506/DES506/Content/Project/Program/navigation/newnavigationpoint/enemy/enemy_path.uasset" 385
"M:/506/DES506/Content/Project/Program/navigation/newnavigationpoint/enemy/eneny_hpbar.uasset" 386
"M:/506/DES506/Content/Project/Program/navigation/newnavigationpoint/enemy/assets/enemy.uasset" 387
"M:/506/DES506/Content/Project/Program/navigation/newnavigationpoint/enemy/assets/lambert2.uasset" 388
"M:/506/DES506/Content/Project/Program/navigation/newnavigationpoint/enemy/assets/enemyship_pCube3.uasset" 389
"M:/506/DES506/Content/Project/Program/navigation/newnavigationpoint/enemy/assets/enemyship_pCube4.uasset" 390
"M:/506/DES506/Content/Project/Program/partical/P_Explosion_enemy.uasset" 391
"M:/506/DES506/Content/Project/Program/UI/AimUI/pirate.uasset" 392
"M:/506/DES506/Content/roomrotate/ParticleEffect/laze/LAZE_enemy.uasset" 393
"M:/506/DES506/Content/Project/Program/navigation/newnavigationpoint/enemy/enemy_fly.uasset" 394
"M:/506/DES506/Content/Project/Program/spacestation/NewSpaceStation/Top.uasset" 395
"M:/506/DES506/Content/Project/Program/spacestation/NewSpaceStation/boody.uasset" 396
"M:/506/DES506/Content/Project/Program/spacestation/NewSpaceStation/triangle.uasset" 397
"M:/506/DES506/Content/Project/Art/Particle/RadioWave_SpaceStation/M_RadioWave.uasset" 398
"M:/506/DES506/Content/Project/Art/Particle/RadioWave_SpaceStation/P_RadioWave.uasset" 399
"M:/506/DES506/Content/Project/Program/spacestation/decorations/components1.uasset" 400
"M:/506/DES506/Content/Project/Program/spacestation/decorations/components.uasset" 401
"M:/506/DES506/Content/Project/Program/spacestation/decorations/decoration1.uasset" 402
"M:/506/DES506/Content/Project/Program/spacestation/decorations/decoration2.uasset" 403
"M:/506/DES506/Content/Project/Program/spacestation/decorations/decoration3.uasset" 404
"M:/506/DES506/Content/Project/Program/spacestation/decorations/M_Decoration4.uasset" 405
"M:/506/DES506/Content/Project/Program/spacestation/decorations/decoration4.uasset" 406
"M:/506/DES506/Content/Project/Program/spacestation/NewSpaceStation/except_centre.uasset" 407
"M:/506/DES506/Content/Project/Program/spacestation/NewSpaceStation/centre.uasset" 408
"M:/506/DES506/Content/Project/Program/spacestation/NewSpaceStation/flashing.uasset" 409
"M:/506/DES506/Content/Project/Program/spacestation/NewSpaceStation/lambert1.uasset" 410
"M:/506/DES506/Content/Project/Program/spacestation/NewSpaceStation/stationtriangle.uasset" 411
"M:/506/DES506/Content/Project/Program/spacestation/BP_Spacestation.uasset" 412
"M:/506/DES506/Content/Project/Art/SpaceShip/Inside/right.uasset" 413
"M:/506/DES506/Content/Project/Art/SpaceShip/Outside/Material/M_Left.uasset" 414
"M:/506/DES506/Content/Project/Art/SpaceShip/Outside/spaceship_Outside_Left.uasset" 415
"M:/506/DES506/Content/Project/Art/SpaceShip/Outside/spaceship_Outside_Left_DM.uasset" 416
"M:/506/DES506/Content/Project/Art/SpaceShip/Inside/left.uasset" 417
"M:/506/DES506/Content/Project/Art/SpaceShip/Outside/Material/M_Right.uasset" 418
"M:/506/DES506/Content/Project/Art/SpaceShip/Outside/Material/M_Right_2.uasset" 419
"M:/506/DES506/Content/Project/Art/SpaceShip/Outside/spaceship_Outside_Right.uasset" 420
"M:/506/DES506/Content/Project/Art/SpaceShip/Outside/spaceship_Outside_Right_DM.uasset" 421
"M:/506/DES506/Content/Project/Art/SpaceShip/Inside/door.uasset" 422
"M:/506/DES506/Content/Project/Art/SpaceShip/Inside/Material/door1.uasset" 423
"M:/506/DES506/Content/Project/Art/SpaceShip/Inside/door_2.uasset" 424
"M:/506/DES506/Content/Project/Art/SpaceShip/Inside/Material/door2.uasset" 425
"M:/506/DES506/Content/Project/Art/SpaceShip/Inside/door_3.uasset" 426
"M:/506/DES506/Content/Project/Art/SpaceShip/Inside/Material/DOOR3.uasset" 427
"M:/506/DES506/Content/Project/Art/SpaceShip/Inside/level2_screen.uasset" 428
"M:/506/DES506/Content/Project/Art/SpaceShip/Inside/Material/lelvel2_screen_behind.uasset" 429
"M:/506/DES506/Content/Project/Art/SpaceShip/Inside/level_1_main.uasset" 430
"M:/506/DES506/Content/Project/Art/SpaceShip/Inside/Material/level1_1.uasset" 431
"M:/506/DES506/Content/Project/Art/SpaceShip/Inside/Energy.uasset" 432
"M:/506/DES506/Content/Project/Art/SpaceShip/Inside/Material/level1_2_1.uasset" 433
"M:/506/DES506/Content/Project/Art/SpaceShip/Inside/Material/level1_2_2.uasset" 434
"M:/506/DES506/Content/Project/Art/SpaceShip/Inside/Material/level1_3.uasset" 435
"M:/506/DES506/Content/Project/Art/SpaceShip/Inside/Material/level1_main.uasset" 436
"M:/506/DES506/Content/Project/Art/SpaceShip/Inside/level_2_main.uasset" 437
"M:/506/DES506/Content/Project/Art/SpaceShip/Inside/Material/level2_main.uasset" 438
"M:/506/DES506/Content/Project/Art/SpaceShip/Inside/level_3-board.uasset" 439
"M:/506/DES506/Content/Project/Art/SpaceShip/Inside/Material/level3_board.uasset" 440
"M:/506/DES506/Content/Project/Art/SpaceShip/Inside/level_3_main.uasset" 441
"M:/506/DES506/Content/Project/Art/SpaceShip/Inside/Material/level3_main.uasset" 442
"M:/506/DES506/Content/Project/Art/SpaceShip/Inside/new_cross_section.uasset" 443
"M:/506/DES506/Content/Project/Art/SpaceShip/Outside/Material/cross_section_3D.uasset" 444
"M:/506/DES506/Content/Project/Program/SpaceShip/gun/assets/right.uasset" 445
"M:/506/DES506/Content/Project/Program/SpaceShip/gun/assets/M_gunright.uasset" 446
"M:/506/DES506/Content/roomrotate/ParticleEffect/laze/MAT/M_transluent.uasset" 447
"M:/506/DES506/Content/Project/Art/SpaceShip/Energyhood/Capture1.uasset" 448
"M:/506/DES506/Content/Project/Art/SpaceShip/Energyhood/tooopen_sl_074821579439.uasset" 449
"M:/506/DES506/Content/Project/Art/SpaceShip/Energyhood/Hood.uasset" 450
"M:/506/DES506/Content/Project/Art/SpaceShip/Energyhood/Hood_Inst.uasset" 451
"M:/506/DES506/Content/Project/Art/Particle/SpeedLine/M_SpeedLine.uasset" 452
"M:/506/DES506/Content/Project/Art/Particle/SpeedLine/SpeedLine.uasset" 453
"M:/506/DES506/Content/Project/Art/SpaceShip/Inside/all_pasted__left1.uasset" 454
"M:/506/DES506/Content/Project/Art/SpaceShip/Inside/all_pasted__left_door.uasset" 455
"M:/506/DES506/Content/Project/Art/SpaceShip/Inside/all_pasted__polySurface108.uasset" 456
"M:/506/DES506/Content/Project/Art/SpaceShip/Inside/all_pasted__polySurface109.uasset" 457
"M:/506/DES506/Content/Project/Art/SpaceShip/Inside/all_pasted__polySurface110.uasset" 458
"M:/506/DES506/Content/Project/Art/SpaceShip/Inside/all_pasted__polySurface111.uasset" 459
"M:/506/DES506/Content/Project/Art/SpaceShip/Outside/Material/cross_section.uasset" 460
"M:/506/DES506/Content/Project/Art/SpaceShip/Inside/all_pasted__right1.uasset" 461
"M:/506/DES506/Content/Project/Art/SpaceShip/Inside/all_pasted__right_door.uasset" 462
"M:/506/DES506/Content/Project/Art/SpaceShip/Inside/all_polySurface119.uasset" 463
"M:/506/DES506/Content/Project/Art/SpaceShip/Inside/all_polySurface120.uasset" 464
"M:/506/DES506/Content/Project/Art/SpaceShip/Inside/all_polySurface121.uasset" 465
"M:/506/DES506/Content/Project/Art/SpaceShip/Inside/all_polySurface122.uasset" 466
"M:/506/DES506/Content/Project/Art/SpaceShip/Inside/all_polySurface123.uasset" 467
"M:/506/DES506/Content/Project/Art/SpaceShip/Inside/all_polySurface124.uasset" 468
"M:/506/DES506/Content/Project/Art/SpaceShip/Inside/all_polySurface125.uasset" 469
"M:/506/DES506/Content/Project/Art/SpaceShip/Inside/all_polySurface128.uasset" 470
"M:/506/DES506/Content/Project/Art/SpaceShip/Inside/all_polySurface129.uasset" 471
"M:/506/DES506/Content/Project/Art/SpaceShip/Inside/all_polySurface130.uasset" 472
"M:/506/DES506/Content/Project/Art/SpaceShip/Inside/all_polySurface135.uasset" 473
"M:/506/DES506/Content/Project/Art/SpaceShip/Inside/Material/lelvel2_screen_front.uasset" 474
"M:/506/DES506/Content/Project/Art/SpaceShip/Inside/level2_weapon_subscreen.uasset" 475
"M:/506/DES506/Content/Project/Art/SpaceShip/Inside/Material/level2_subscreens.uasset" 476
"M:/506/DES506/Content/Project/Art/SpaceShip/Inside/all_polySurface152.uasset" 477
"M:/506/DES506/Content/Project/Art/SpaceShip/Inside/cross_section_new.uasset" 478
"M:/506/DES506/Content/Project/Art/SpaceShip/Inside/face_in_level_2.uasset" 479
"M:/506/DES506/Content/Project/Program/SpaceShip/EnergyShield/compelex_sphere.uasset" 480
"M:/506/DES506/Content/Project/Program/SpaceShip/gun/assets/M_gunleft.uasset" 481
"M:/506/DES506/Content/Project/Program/SpaceShip/gun/assets/weapon3_polySurface131.uasset" 482
"M:/506/DES506/Content/Project/Program/SpaceShip/gun/assets/weapon3_polySurface136.uasset" 483
"M:/506/DES506/Content/Project/Program/SpaceShip/spaceship_moving_type.uasset" 484
"M:/506/DES506/Content/Project/Program/UI/deadUI/MISSION_FAILED.uasset" 485
"M:/506/DES506/Content/Project/Program/UI/deadUI/dead_ui.uasset" 486
"M:/506/DES506/Content/roomrotate/ParticleEffect/laze/MAT/partical_color.uasset" 487
"M:/506/DES506/Content/StarterContent/Shapes/Shape_Cone.uasset" 488
"M:/506/DES506/Content/roomrotate/ParticleEffect/laze/LAZE_engine.uasset" 489
"M:/506/DES506/Content/Project/Program/SpaceShip/SpaceShip.uasset" 490
"M:/506/DES506/Content/Project/Program/Cutscenes/Gamebegin.uasset" 491
"M:/506/DES506/Content/Project/Program/Cutscenes/RescueCrew.uasset" 492
"../../../Engine/Content/Animation/DefaultAnimCurveCompressionSettings.uasset" 493
"../../../Engine/Content/ArtTools/RenderToTexture/Meshes/S_1_Unit_Plane.uasset" 494
"../../../Engine/Content/BasicShapes/Plane.uasset" 495
"../../../Engine/Content/EditorLandscapeResources/DataLayer.uasset" 496
"../../../Engine/Content/EditorMaterials/GizmoMaterial.uasset" 497
"../../../Engine/Content/EditorMaterials/MAT_Groups_Toggle.uasset" 498
"../../../Engine/Content/EditorMaterials/MAT_Groups_Visibility.uasset" 499
"../../../Engine/Content/EditorMaterials/PreviewShadowIndicator.uasset" 500
"../../../Engine/Content/EditorMaterials/PreviewShadowIndicatorMaterial.uasset" 501
"../../../Engine/Content/EditorMaterials/MatineeGroups/MAT_ColorTrack.uasset" 502
"../../../Engine/Content/EditorMaterials/MatineeGroups/MAT_Groups_Anim.uasset" 503
"../../../Engine/Content/EditorMaterials/MatineeGroups/MAT_Groups_AudioMaster.uasset" 504
"../../../Engine/Content/EditorMaterials/MatineeGroups/MAT_Groups_Director.uasset" 505
"../../../Engine/Content/EditorMaterials/MatineeGroups/MAT_Groups_Event.uasset" 506
"../../../Engine/Content/EditorMaterials/MatineeGroups/MAT_Groups_Fade.uasset" 507
"../../../Engine/Content/EditorMaterials/MatineeGroups/MAT_Groups_Float.uasset" 508
"../../../Engine/Content/EditorMaterials/MatineeGroups/MAT_Groups_Move.uasset" 509
"../../../Engine/Content/EditorMaterials/MatineeGroups/MAT_Groups_Slomo.uasset" 510
"../../../Engine/Content/EditorMaterials/MatineeGroups/MAT_Groups_Sound.uasset" 511
"../../../Engine/Content/EditorMaterials/MatineeGroups/MAT_Groups_Vector.uasset" 512
"../../../Engine/Content/EditorMaterials/ParticleSystems/PSysThumbnail_NoImage.uasset" 513
"../../../Engine/Content/EditorMaterials/ParticleSystems/PSysThumbnail_OOD.uasset" 514
"../../../Engine/Content/EditorMaterials/Camera/CineMat.uasset" 515
"../../../Engine/Content/EditorMaterials/Camera/MI_CineMat_Rig.uasset" 516
"../../../Engine/Content/EditorMeshes/Camera/SM_CraneRig_Arm.uasset" 517
"../../../Engine/Content/EditorMeshes/Camera/SM_CraneRig_Base.uasset" 518
"../../../Engine/Content/EditorMeshes/Camera/SM_CraneRig_Body.uasset" 519
"../../../Engine/Content/EditorMeshes/Camera/SM_CraneRig_Mount.uasset" 520
"../../../Engine/Content/EditorMeshes/Camera/SM_RailRig_Mount.uasset" 521
"../../../Engine/Content/EditorMeshes/Camera/SM_RailRig_Track.uasset" 522
"../../../Engine/Content/EditorResources/BSPVertex.uasset" 523
"../../../Engine/Content/EditorResources/EmptyActor.uasset" 524
"../../../Engine/Content/EditorResources/S_Actor.uasset" 525
"../../../Engine/Content/EditorResources/S_Note.uasset" 526
"../../../Engine/Content/EditorResources/S_Trigger.uasset" 527
"../../../Engine/Content/EditorResources/AudioIcons/S_AudioComponent.uasset" 528
"../../../Engine/Content/EditorResources/LightIcons/S_LightError.uasset" 529
"../../../Engine/Content/EditorResources/SequenceRecorder/Countdown.uasset" 530
"../../../Engine/Content/EditorResources/SequenceRecorder/RecordingIndicator.uasset" 531
"../../../Engine/Content/EditorSounds/Notifications/CompileFailed.uasset" 532
"../../../Engine/Content/EditorSounds/Notifications/CompileFailed_Cue.uasset" 533
"../../../Engine/Content/EditorSounds/Notifications/CompileSuccess.uasset" 534
"../../../Engine/Content/EditorSounds/Notifications/CompileStart_Cue.uasset" 535
"../../../Engine/Content/EditorSounds/Notifications/CompileSuccess_Cue.uasset" 536
"../../../Engine/Content/EngineDamageTypes/DmgTypeBP_Environmental.uasset" 537
"../../../Engine/Content/EngineDebugMaterials/HeatmapGradient.uasset" 538
"../../../Engine/Content/EngineDebugMaterials/BoneWeightMaterial.uasset" 539
"../../../Engine/Content/EngineDebugMaterials/ClothMaterial.uasset" 540
"../../../Engine/Content/EngineDebugMaterials/ClothMaterial_WF.uasset" 541
"../../../Engine/Content/EngineDebugMaterials/DebugEditorMaterial.uasset" 542
"../../../Engine/Content/EngineDebugMaterials/DebugMeshMaterial.uasset" 543
"../../../Engine/Content/EngineDebugMaterials/GeomMaterial.uasset" 544
"../../../Engine/Content/EngineDebugMaterials/M_SimpleTranslucent.uasset" 545
"../../../Engine/Content/EngineFonts/Faces/RobotoBold.uasset" 546
"../../../Engine/Content/EngineFonts/Faces/RobotoBoldItalic.uasset" 547
"../../../Engine/Content/EngineFonts/Faces/RobotoItalic.uasset" 548
"../../../Engine/Content/EngineFonts/Faces/RobotoLight.uasset" 549
"../../../Engine/Content/EngineFonts/Faces/RobotoRegular.uasset" 550
"../../../Engine/Content/EngineFonts/Roboto.uasset" 551
"../../../Engine/Content/EngineFonts/Faces/RobotoTiny.uasset" 552
"../../../Engine/Content/EngineFonts/RobotoTiny.uasset" 553
"../../../Engine/Content/EngineMaterials/BaseFlattenDiffuseMap.uasset" 554
"../../../Engine/Content/EngineMaterials/BaseFlattenEmissiveMap.uasset" 555
"../../../Engine/Content/EngineMaterials/BaseFlattenGrayscaleMap.uasset" 556
"../../../Engine/Content/EngineMaterials/BaseFlattenNormalMap.uasset" 557
"../../../Engine/Content/EngineMaterials/BaseFlattenMaterial.uasset" 558
"../../../Engine/Content/EngineMaterials/DefaultBloomKernel.uasset" 559
"../../../Engine/Content/EngineMaterials/DefaultBokeh.uasset" 560
"../../../Engine/Content/EngineMaterials/DefaultDiffuse.uasset" 561
"../../../Engine/Content/EngineMaterials/DefaultDeferredDecalMaterial.uasset" 562
"../../../Engine/Content/EngineMaterials/DefaultLightFunctionMaterial.uasset" 563
"../../../Engine/Content/Functions/Engine_MaterialFunctions02/Utility/BreakOutFloat2Components.uasset" 564
"../../../Engine/Content/EngineMaterials/DefaultPostProcessMaterial.uasset" 565
"../../../Engine/Content/EngineFonts/RobotoDistanceField.uasset" 566
"../../../Engine/Content/EngineMaterials/DefaultTextMaterialOpaque.uasset" 567
"../../../Engine/Content/EngineMaterials/DefaultWhiteGrid.uasset" 568
"../../../Engine/Content/EngineMaterials/EditorBrushMaterial.uasset" 569
"../../../Engine/Content/EngineMaterials/MiniFont.uasset" 570
"../../../Engine/Content/EngineMaterials/InvalidLightmapSettings.uasset" 571
"../../../Engine/Content/EngineMaterials/M_InvalidLightmapSettings.uasset" 572
"../../../Engine/Content/Functions/Engine_MaterialFunctions02/WorldPositionOffset/CameraOffset.uasset" 573
"../../../Engine/Content/EngineMaterials/PhAT_JointLimitMaterial.uasset" 574
"../../../Engine/Content/EngineMaterials/PreintegratedSkinBRDF.uasset" 575
"../../../Engine/Content/EngineMaterials/RemoveSurfaceMaterial.uasset" 576
"../../../Engine/Content/EngineMaterials/WeightMapPlaceholderTexture.uasset" 577
"../../../Engine/Content/EngineResources/WhiteSquareTexture.uasset" 578
"../../../Engine/Content/EngineMaterials/Widget3DPassThrough.uasset" 579
"../../../Engine/Content/EngineMaterials/Widget3DPassThrough_Masked.uasset" 580
"../../../Engine/Content/EngineMaterials/Widget3DPassThrough_Opaque.uasset" 581
"../../../Engine/Content/EngineMaterials/Widget3DPassThrough_Masked_OneSided.uasset" 582
"../../../Engine/Content/EngineMaterials/Widget3DPassThrough_Opaque_OneSided.uasset" 583
"../../../Engine/Content/EngineMaterials/Widget3DPassThrough_Translucent.uasset" 584
"../../../Engine/Content/EngineMaterials/Widget3DPassThrough_Translucent_OneSided.uasset" 585
"../../../Engine/Content/EngineMeshes/Cylinder.uasset" 586
"../../../Engine/Content/EngineMeshes/Sphere.uasset" 587
"../../../Engine/Content/EngineResources/Black.uasset" 588
"../../../Engine/Content/EngineResources/DefaultTexture.uasset" 589
"../../../Engine/Content/EngineResources/DefaultTextureCube.uasset" 590
"../../../Engine/Content/EngineResources/DefaultVolumeTexture2D.uasset" 591
"../../../Engine/Content/EngineResources/DefaultVolumeTexture.uasset" 592
"../../../Engine/Content/EngineResources/GradientTexture0.uasset" 593
"../../../Engine/Content/EngineSounds/Master.uasset" 594
"../../../Engine/Content/Functions/Engine_MaterialFunctions01/Shading/ConvertFromDiffSpec.uasset" 595
"../../../Engine/Content/Functions/Engine_MaterialFunctions01/Shading/PowerToRoughness.uasset" 596
"../../../Engine/Content/Maps/Templates/Thumbnails/Default.uasset" 597
"../../../Engine/Content/Maps/Templates/Thumbnails/VR-Basic.uasset" 598
"../../../Engine/Content/MobileResources/T_MobileControls_texture.uasset" 599
"../../../Engine/Content/MobileResources/T_MobileMenu2.uasset" 600
"../../../Engine/Content/MobileResources/HUD/AnalogHat.uasset" 601
"../../../Engine/Content/MobileResources/HUD/VirtualJoystick_Background.uasset" 602
"../../../Engine/Content/MobileResources/HUD/VirtualJoystick_Thumb.uasset" 603
"../../../Engine/Content/MobileResources/HUD/DefaultVirtualJoysticks.uasset" 604
"../../../Engine/Content/MobileResources/HUD/LeftVirtualJoystickOnly.uasset" 605
"../../../Engine/Content/MobileResources/HUD/MobileHUDButton1_off.uasset" 606
"../../../Engine/Content/MobileResources/HUD/MobileHUDButton1_on.uasset" 607
"../../../Engine/Content/MobileResources/HUD/MobileHUDButton2_off.uasset" 608
"../../../Engine/Content/MobileResources/HUD/MobileHUDButton2_on.uasset" 609
"../../../Engine/Content/MobileResources/HUD/MobileHUDButton3.uasset" 610
"../../../Engine/Content/MobileResources/HUD/MobileHUDButtonFire.uasset" 611
"../../../Engine/Content/MobileResources/HUD/MobileHUDDirectionPad.uasset" 612
"../../../Engine/Content/MobileResources/HUD/MobileHUDDirectionPad2.uasset" 613
"../../../Engine/Content/MobileResources/HUD/MobileHUDDirectionPad3.uasset" 614
"../../../Engine/Content/MobileResources/HUD/MobileHUDDirectionStick.uasset" 615
"../../../Engine/Content/MobileResources/HUD/T_Castle_ThumbstickInner.uasset" 616
"../../../Engine/Content/MobileResources/HUD/T_Castle_ThumbstickOutter.uasset" 617
"../../../Engine/Content/Tutorial/ContentIntroCurve.uasset" 618
"../../../Engine/Content/Tutorial/Basics/LevelEditorAttract.uasset" 619
"../../../Engine/Content/VREditor/LaserPointer/VR_LaserPower_01.uasset" 620
"../../../Engine/Content/VREditor/TransformGizmo/TransformGizmoMaterial.uasset" 621
"../../../Engine/Content/VREditor/TransformGizmo/TranslucentTransformGizmoMaterial.uasset" 622
"../../../Engine/Content/VREditor/TransformGizmo/BoundingBoxCorner.uasset" 623
"../../../Engine/Content/VREditor/TransformGizmo/BoundingBoxEdge.uasset" 624
"../../../Engine/Content/VREditor/TransformGizmo/PlaneTranslationHandle.uasset" 625
"../../../Engine/Content/VREditor/TransformGizmo/Main.uasset" 626
"../../../Engine/Content/VREditor/TransformGizmo/Xray.uasset" 627
"../../../Engine/Content/VREditor/TransformGizmo/SM_Sequencer_Key.uasset" 628
"../../../Engine/Content/VREditor/TransformGizmo/SM_Sequencer_Node.uasset" 629
"../../Plugins/2D/Paper2D/Content/PlaceholderTextures/DummySpriteTexture.uasset" 630
"../../Plugins/2D/Paper2D/Content/DummySprite.uasset" 631
"../../Plugins/2D/Paper2D/Content/DefaultPaperTerrainMaterial.uasset" 632
"../../Plugins/2D/Paper2D/Content/DummySpriteTexture.uasset" 633
"../../Plugins/2D/Paper2D/Content/DefaultSpriteMaterial.uasset" 634
"../../Plugins/2D/Paper2D/Content/MaskedUnlitSpriteMaterial.uasset" 635
"../../Plugins/2D/Paper2D/Content/OpaqueUnlitSpriteMaterial.uasset" 636
"../../Plugins/Runtime/Oculus/OculusVR/Content/OculusMR_RenderTarget.uasset" 637
"../../../Engine/Content/Functions/Engine_MaterialFunctions02/Utility/BreakOutFloat4Components.uasset" 638
"../../../Engine/Content/Functions/Engine_MaterialFunctions02/Utility/MakeFloat2.uasset" 639
"../../../Engine/Content/Functions/Engine_MaterialFunctions02/Utility/MakeFloat3.uasset" 640
"../../Plugins/Runtime/Oculus/OculusVR/Content/Materials/OculusMR_ChromaKey.uasset" 641
"../../Plugins/Runtime/Oculus/OculusVR/Content/Materials/OculusMR_ChromaKey_Lit.uasset" 642
"../../Plugins/Runtime/Oculus/OculusVR/Content/Materials/OculusMR_OpaqueColoredMaterial.uasset" 643
"../../Plugins/Runtime/Oculus/OculusVR/Content/Materials/OculusMR_WhiteMaterial.uasset" 644
"../../Plugins/Runtime/Oculus/OculusVR/Content/Materials/PokeAHoleMaterial.uasset" 645
"../../Plugins/Runtime/Oculus/OculusVR/Content/Textures/GearVRController_AO.uasset" 646
"../../Plugins/Runtime/Oculus/OculusVR/Content/Textures/GearVRController_Color.uasset" 647
"../../Plugins/Runtime/Oculus/OculusVR/Content/Textures/GearVRController_Normal.uasset" 648
"../../Plugins/Runtime/Oculus/OculusVR/Content/Materials/GearVRControllerMaterial.uasset" 649
"../../Plugins/Runtime/Oculus/OculusVR/Content/Meshes/GearVrController.uasset" 650
"../../Plugins/Runtime/Oculus/OculusVR/Content/Textures/touchController_albedo.uasset" 651
"../../Plugins/Runtime/Oculus/OculusVR/Content/Textures/touchController_controlmap.uasset" 652
"../../Plugins/Runtime/Oculus/OculusVR/Content/Materials/touchController_mat.uasset" 653
"../../Plugins/Runtime/Oculus/OculusVR/Content/Meshes/LeftTouchController.uasset" 654
"../../Plugins/Runtime/Oculus/OculusVR/Content/Meshes/RiftHMD.uasset" 655
"../../Plugins/Runtime/Oculus/OculusVR/Content/Meshes/RightTouchController.uasset" 656
"M:/506/DES506/Content/Project/Program/UI/MAINMENU/11_6assets/boat.uasset" 657
"M:/506/DES506/Content/Project/Program/UI/MAINMENU/11_6assets/exit.uasset" 658
"M:/506/DES506/Content/Project/Program/UI/MAINMENU/11_6assets/exit_click.uasset" 659
"M:/506/DES506/Content/Project/Program/UI/MAINMENU/11_6assets/frfrfrfr.uasset" 660
"M:/506/DES506/Content/Project/Program/UI/MAINMENU/11_6assets/logo.uasset" 661
"M:/506/DES506/Content/Project/Program/UI/MAINMENU/11_6assets/new_start_scene_background.uasset" 662
"M:/506/DES506/Content/Project/Program/UI/MAINMENU/11_6assets/start.uasset" 663
"M:/506/DES506/Content/Project/Program/UI/MAINMENU/11_6assets/start_click.uasset" 664
"M:/506/DES506/Content/Project/Program/UI/MAINMENU/mainmenu.uasset" 665
"M:/506/DES506/Content/Project/MainMaps/mainmenu.umap" 666
"M:/506/DES506/Content/Project/Program/UI/AimUI/aerolite.uasset" 667
"M:/506/DES506/Content/Project/Program/navigation/newnavigationpoint/rock.uasset" 668
"M:/506/DES506/Content/Project/Program/navigation/newnavigationpoint/for_rescue/TargetPoint_Attraction.uasset" 669
"../../../Engine/Content/Functions/Engine_MaterialFunctions02/3PointLevels.uasset" 670
"M:/506/DES506/Content/Project/Art/SkyBox/Skybox_Params.uasset" 671
"M:/506/DES506/Content/Project/Art/SkyBox/Space2.uasset" 672
"M:/506/DES506/Content/Project/Art/SkyBox/SpaceMaterial.uasset" 673
"../../../Engine/Content/EngineSky/T_Sky_Blue.uasset" 674
"../../../Engine/Content/EngineSky/T_Sky_Clouds_M.uasset" 675
"../../../Engine/Content/EngineSky/T_Sky_Stars.uasset" 676
"../../../Engine/Content/EngineSky/M_Sky_Panning_Clouds2.uasset" 677
"../../../Engine/Content/EngineSky/SM_SkySphere.uasset" 678
"M:/506/DES506/Content/Project/Art/SkyBox/SpaceSkyBox.uasset" 679
"M:/506/DES506/Content/Project/Program/GameMode/Mouse_GameMode.uasset" 680
"M:/506/DES506/Content/Project/Program/navigation/newnavigationpoint/enemy/enemy_path_Child.uasset" 681
"M:/506/DES506/Content/Project/Program/navigation/newnavigationpoint/rock_assets/lambert1.uasset" 682
"M:/506/DES506/Content/Project/Program/navigation/newnavigationpoint/rock_assets/stone1_2.uasset" 683
"M:/506/DES506/Content/Project/Program/navigation/newnavigationpoint/rock_assets/stone1_4.uasset" 684
"M:/506/DES506/Content/Project/Program/navigation/newnavigationpoint/small_rock.uasset" 685
"M:/506/DES506/Content/Project/Program/navigation/newnavigationpoint/rock_assets/stone1_3.uasset" 686
"M:/506/DES506/Content/Project/Program/navigation/newnavigationpoint/rock_assets/stone_1_1.uasset" 687
"M:/506/DES506/Content/Project/Program/UI/AimUI/big_aerolite.uasset" 688
"M:/506/DES506/Content/Project/Program/navigation/newnavigationpoint/rock_hit.uasset" 689
"M:/506/DES506/Content/Project/Art/Environment/Fog/T_Smoke_SubUV_Test.uasset" 690
"M:/506/DES506/Content/Project/Art/Environment/Fog/M_Cloud.uasset" 691
"M:/506/DES506/Content/Project/Art/Environment/Fog/P_Cloud_Library.uasset" 692
"M:/506/DES506/Content/Project/Program/Prefabs/Cloud/Cloud.uasset" 693
"M:/506/DES506/Content/Project/MainMaps/Prototype_BuiltData.uasset" 694
"M:/506/DES506/Content/Project/Art/Environment/Landscape/M_Landscape.uasset" 695
"M:/506/DES506/Content/Project/TestMaps/luck/test_model/environment_stones/polySurface776Mat.uasset" 696
"M:/506/DES506/Content/Project/Art/Environment/Sun/Material/E_function.uasset" 697
"M:/506/DES506/Content/Project/Art/Environment/Sun/Picture/1920x1080_stars-universe-space.uasset" 698
"M:/506/DES506/Content/Project/Art/Environment/Sun/Material/E_mat.uasset" 699
"M:/506/DES506/Content/Project/Art/Environment/Sun/Picture/20121119235831.uasset" 700
"M:/506/DES506/Content/Project/Art/Environment/Sun/Material/E_mat_Inst.uasset" 701
"M:/506/DES506/Content/Project/Art/Environment/Sun/Material/E_mat_Inst1.uasset" 702
"M:/506/DES506/Content/Project/Art/Environment/Sun/Picture/Fire-800-x-400.uasset" 703
"M:/506/DES506/Content/Project/Art/Environment/Sun/Picture/puzzle.uasset" 704
"M:/506/DES506/Content/Project/Art/Environment/Sun/Material/Sun.uasset" 705
"M:/506/DES506/Content/Project/Art/Environment/Sun/Material/Sun_Inst.uasset" 706
"../../../Engine/Content/EngineMaterials/DefaultPhysicalMaterial.uasset" 707
"M:/506/DES506/Content/Project/Art/Environment/Sun/Sun.uasset" 708
"M:/506/DES506/Content/Project/Art/Surviver/reckage/wreckage.uasset" 709
"M:/506/DES506/Content/Project/Art/Surviver/reckage/lambert2.uasset" 710
"M:/506/DES506/Content/Project/Art/Surviver/reckage/WRECKAGE_textured.uasset" 711
"M:/506/DES506/Content/Project/Program/UI/complete_UI/assets/mission_complete.uasset" 712
"M:/506/DES506/Content/Project/Program/UI/complete_UI/complete_UI.uasset" 713
"M:/506/DES506/Content/Project/Program/UI/level_UI/skip_tutoral/skip_toturial.uasset" 714
"M:/506/DES506/Content/Project/Program/UI/overload_tip/assets/overload.uasset" 715
"M:/506/DES506/Content/Project/Program/UI/overload_tip/assets/turn_off.uasset" 716
"M:/506/DES506/Content/Project/Program/UI/overload_tip/overload_UI.uasset" 717
"M:/506/DES506/Content/Project/Program/UI/shipUI/ASSETS/task/failed.uasset" 718
"M:/506/DES506/Content/Project/Program/UI/shipUI/ASSETS/task/finished.uasset" 719
"M:/506/DES506/Content/Project/Program/UI/UIGUIDE/assets_common/arrow_right_72px_545420_easyicon_net.uasset" 720
"M:/506/DES506/Content/Project/Program/UI/UIGUIDE/assets_putoutfire/put_out_fire.uasset" 721
"M:/506/DES506/Content/Project/Program/UI/UIGUIDE/assets_putoutfire/speed_up1.uasset" 722
"M:/506/DES506/Content/Project/Program/UI/UIGUIDE/assets_putoutfire/speed_up_2.uasset" 723
"M:/506/DES506/Content/Project/Program/UI/UIGUIDE/engine_guide_UI.uasset" 724
"M:/506/DES506/Content/Project/Program/UI/UIGUIDE/assets_putoutfire/fix_multi_station.uasset" 725
"M:/506/DES506/Content/Project/Program/UI/UIGUIDE/assets_putoutfire/fix_multi_station1.uasset" 726
"M:/506/DES506/Content/Project/Program/UI/UIGUIDE/assets_putoutfire/fix_multi_station2.uasset" 727
"M:/506/DES506/Content/Project/Program/UI/UIGUIDE/enginner_guide_UI.uasset" 728
"M:/506/DES506/Content/Project/Program/UI/UIGUIDE/assets_putoutfire/gunner1.uasset" 729
"M:/506/DES506/Content/Project/Program/UI/UIGUIDE/assets_putoutfire/gunner2.uasset" 730
"M:/506/DES506/Content/Project/Program/UI/UIGUIDE/assets_putoutfire/gunner3.uasset" 731
"M:/506/DES506/Content/Project/Program/UI/UIGUIDE/gunner_guie_UI.uasset" 732
"M:/506/DES506/Content/Project/Program/UI/UIGUIDE/assets_putoutfire/fix_station.uasset" 733
"M:/506/DES506/Content/Project/Program/UI/UIGUIDE/assets_putoutfire/fix_station1.uasset" 734
"M:/506/DES506/Content/Project/Program/UI/UIGUIDE/leakage_guide_UI.uasset" 735
"M:/506/DES506/Content/Project/Program/UI/UIGUIDE/assets_guidenavigator/navigation1.uasset" 736
"M:/506/DES506/Content/Project/Program/UI/UIGUIDE/assets_guidenavigator/navigation2.uasset" 737
"M:/506/DES506/Content/Project/Program/UI/UIGUIDE/assets_guidenavigator/navigation3.uasset" 738
"M:/506/DES506/Content/Project/Program/UI/UIGUIDE/navigator_UI_guide.uasset" 739
"M:/506/DES506/Content/Project/Program/UI/UIGUIDE/assets_putoutfire/put_out_fire1.uasset" 740
"M:/506/DES506/Content/Project/Program/UI/UIGUIDE/assets_putoutfire/put_out_fire2.uasset" 741
"M:/506/DES506/Content/Project/Program/UI/UIGUIDE/put_off_fire_guide_UI.uasset" 742
"M:/506/DES506/Content/Project/Program/UI/UIGUIDE/11.uasset" 743
"M:/506/DES506/Content/Project/Program/UI/UIGUIDE/22.uasset" 744
"M:/506/DES506/Content/Project/Program/UI/UIGUIDE/33.uasset" 745
"M:/506/DES506/Content/Project/Program/UI/UIGUIDE/shield_guide_ui.uasset" 746
"M:/506/DES506/Content/Project/Program/UI/UIGUIDE/assets_takeofguideUI/take_off1.uasset" 747
"M:/506/DES506/Content/Project/Program/UI/UIGUIDE/assets_takeofguideUI/take_off2.uasset" 748
"M:/506/DES506/Content/Project/Program/UI/UIGUIDE/assets_takeofguideUI/take_off3.uasset" 749
"M:/506/DES506/Content/Project/Program/UI/UIGUIDE/take_off_guide_UI.uasset" 750
"M:/506/DES506/Content/Project/Program/UI/UIGUIDE/assets_putoutfire/temprature1.uasset" 751
"M:/506/DES506/Content/Project/Program/UI/UIGUIDE/assets_putoutfire/temprature2.uasset" 752
"M:/506/DES506/Content/Project/Program/UI/UIGUIDE/assets_putoutfire/temprature3.uasset" 753
"M:/506/DES506/Content/Project/Program/UI/UIGUIDE/temprature_guide_ui.uasset" 754
"M:/506/DES506/Content/Project/Program/UI/UIGUIDE/assets_teatementUI/treatment1.uasset" 755
"M:/506/DES506/Content/Project/Program/UI/UIGUIDE/assets_teatementUI/treatment2.uasset" 756
"M:/506/DES506/Content/Project/Program/UI/UIGUIDE/assets_teatementUI/treatment3.uasset" 757
"M:/506/DES506/Content/Project/Program/UI/UIGUIDE/treatment_guide_ui.uasset" 758
"M:/506/DES506/Content/Project/TestMaps/luck/test_model/stone/big_stones_polySurface105_polySurface143.uasset" 759
"M:/506/DES506/Content/Project/TestMaps/luck/test_model/stone/big_stones_polySurface105_polySurface144.uasset" 760
"M:/506/DES506/Content/Project/TestMaps/luck/test_model/stone/big_stones_polySurface105_polySurface145.uasset" 761
"M:/506/DES506/Content/Project/TestMaps/luck/test_model/stone/big_stones_polySurface105_polySurface146.uasset" 762
"M:/506/DES506/Content/Project/TestMaps/luck/test_model/stone/big_stones_polySurface105_polySurface177.uasset" 763
"M:/506/DES506/Content/Project/TestMaps/luck/test_model/stone/big_stones_polySurface168_polySurface105.uasset" 764
"M:/506/DES506/Content/Project/TestMaps/luck/test_model/stone/big_stones_polySurface213_polySurface178.uasset" 765
"M:/506/DES506/Content/Project/TestMaps/luck/test_model/stone/big_stones_polySurface233_polySurface270.uasset" 766
"M:/506/DES506/Content/Project/TestMaps/luck/test_model/stone/polySurface776Mat.uasset" 767
"M:/506/DES506/Content/Project/TestMaps/luck/test_model/stone/big_stones_polySurface233_polySurface276.uasset" 768
"M:/506/DES506/Content/Project/TestMaps/luck/test_model/stone/big_stones_polySurface233_polySurface279.uasset" 769
"M:/506/DES506/Content/Project/TestMaps/luck/test_model/stone/big_stones_polySurface233_polySurface294.uasset" 770
"M:/506/DES506/Content/Project/TestMaps/luck/test_model/stone/big_stones_polySurface233_polySurface429.uasset" 771
"M:/506/DES506/Content/Project/TestMaps/luck/test_model/stone/big_stones_polySurface292_polySurface233.uasset" 772
"M:/506/DES506/Content/Project/TestMaps/luck/test_model/stone/big_stones_polySurface310_polySurface350.uasset" 773
"M:/506/DES506/Content/Project/TestMaps/luck/test_model/stone/big_stones_polySurface310_polySurface353.uasset" 774
"M:/506/DES506/Content/Project/TestMaps/luck/test_model/stone/big_stones_polySurface310_polySurface363.uasset" 775
"M:/506/DES506/Content/Project/TestMaps/luck/test_model/stone/big_stones_polySurface310_polySurface365.uasset" 776
"M:/506/DES506/Content/Project/TestMaps/luck/test_model/stone/big_stones_polySurface310_polySurface373.uasset" 777
"M:/506/DES506/Content/Project/TestMaps/luck/test_model/stone/big_stones_polySurface356_polySurface310.uasset" 778
"M:/506/DES506/Content/Project/TestMaps/luck/test_model/stone/big_stones_polySurface35_pPlatonic100.uasset" 779
"M:/506/DES506/Content/Project/TestMaps/luck/test_model/stone/big_stones_polySurface380_polySurface402.uasset" 780
"M:/506/DES506/Content/Project/TestMaps/luck/test_model/stone/big_stones_polySurface380_polySurface412.uasset" 781
"M:/506/DES506/Content/Project/TestMaps/luck/test_model/stone/big_stones_polySurface409_polySurface380.uasset" 782
"M:/506/DES506/Content/Project/TestMaps/luck/test_model/stone/big_stones_polySurface66_pPlatonic101.uasset" 783
"M:/506/DES506/Content/Project/TestMaps/luck/test_model/stone/big_stones_pPlatonic100_polySurface14.uasset" 784
"M:/506/DES506/Content/Project/TestMaps/luck/test_model/stone/big_stones_pPlatonic100_polySurface20.uasset" 785
"M:/506/DES506/Content/Project/TestMaps/luck/test_model/stone/big_stones_pPlatonic100_polySurface31.uasset" 786
"M:/506/DES506/Content/Project/TestMaps/luck/test_model/stone/big_stones_pPlatonic100_polySurface32.uasset" 787
"M:/506/DES506/Content/Project/TestMaps/luck/test_model/stone/big_stones_pPlatonic100_polySurface36.uasset" 788
"M:/506/DES506/Content/Project/TestMaps/luck/test_model/stone/big_stones_pPlatonic100_polySurface4.uasset" 789
"M:/506/DES506/Content/Project/TestMaps/luck/test_model/stone/big_stones_pPlatonic100_polySurface45.uasset" 790
"M:/506/DES506/Content/Project/TestMaps/luck/test_model/stone/big_stones_pPlatonic100_polySurface6.uasset" 791
"M:/506/DES506/Content/Project/TestMaps/luck/test_model/stone/big_stones_pPlatonic101_polySurface46.uasset" 792
"M:/506/DES506/Content/Project/TestMaps/luck/test_model/stone/big_stones_pPlatonic101_polySurface47.uasset" 793
"M:/506/DES506/Content/Project/TestMaps/luck/test_model/stone/big_stones_pPlatonic101_polySurface52.uasset" 794
"M:/506/DES506/Content/Project/TestMaps/luck/test_model/stone/big_stones_pPlatonic101_polySurface55.uasset" 795
"M:/506/DES506/Content/Project/TestMaps/luck/test_model/stone/big_stones_pPlatonic101_polySurface63.uasset" 796
"M:/506/DES506/Content/Project/TestMaps/luck/test_model/stone/big_stones_pPlatonic101_polySurface64.uasset" 797
"M:/506/DES506/Content/Project/TestMaps/luck/test_model/stone/big_stones_pPlatonic101_polySurface67.uasset" 798
"M:/506/DES506/Content/Project/TestMaps/luck/test_model/stone/big_stones_pPlatonic42.uasset" 799
"M:/506/DES506/Content/Project/MainMaps/Prototype.umap" 800
"M:/506/DES506/Content/Mannequin/Character/Mesh/UE4_Mannequin_Skeleton.uasset" 801
"M:/506/DES506/Content/Mannequin/Animations/ThirdPerson_Jump.uasset" 802
"M:/506/DES506/Content/Mannequin/Animations/ThirdPersonJump_Loop.uasset" 803
"M:/506/DES506/Content/Mannequin/Animations/ThirdPersonJump_Start.uasset" 804
"M:/506/DES506/Content/Mannequin/Animations/ThirdPersonIdle.uasset" 805
"M:/506/DES506/Content/Mannequin/Animations/ThirdPersonRun.uasset" 806
"M:/506/DES506/Content/Mannequin/Animations/ThirdPersonWalk.uasset" 807
"M:/506/DES506/Content/Mannequin/Animations/ThirdPerson_IdleRun_2D.uasset" 808
"M:/506/DES506/Content/Mannequin/Animations/ThirdPerson_AnimBP.uasset" 809
"M:/506/DES506/Content/TopDownBP/Blueprints/M_Cursor_Decal.uasset" 810
"../../../Engine/Content/Functions/Engine_MaterialFunctions02/Utility/BlendAngleCorrectedNormals.uasset" 811
"../../../Engine/Content/Functions/MaterialLayerFunctions/MatLayerBlend_NormalBlend.uasset" 812
"../../../Engine/Content/Functions/MaterialLayerFunctions/MatLayerBlend_Simple.uasset" 813
"M:/506/DES506/Content/Mannequin/Character/Materials/MaterialLayers/T_ML_Rubber_Blue_01_D.uasset" 814
"M:/506/DES506/Content/Mannequin/Character/Materials/MaterialLayers/T_ML_Rubber_Blue_01_N.uasset" 815
"M:/506/DES506/Content/Mannequin/Character/Materials/MaterialLayers/ML_GlossyBlack_Latex_UE4.uasset" 816
"M:/506/DES506/Content/Mannequin/Character/Materials/MaterialLayers/ML_Plastic_Shiny_Beige.uasset" 817
"M:/506/DES506/Content/Mannequin/Character/Textures/UE4_LOGO_CARD.uasset" 818
"M:/506/DES506/Content/Mannequin/Character/Materials/MaterialLayers/ML_Plastic_Shiny_Beige_LOGO.uasset" 819
"M:/506/DES506/Content/Mannequin/Character/Materials/MaterialLayers/T_ML_Aluminum01.uasset" 820
"M:/506/DES506/Content/Mannequin/Character/Materials/MaterialLayers/T_ML_Aluminum01_N.uasset" 821
"M:/506/DES506/Content/Mannequin/Character/Materials/MaterialLayers/ML_SoftMetal_UE4.uasset" 822
"M:/506/DES506/Content/Mannequin/Character/Textures/UE4_Mannequin__normals.uasset" 823
"M:/506/DES506/Content/Mannequin/Character/Textures/UE4_Mannequin_MAT_MASKA.uasset" 824
"M:/506/DES506/Content/Mannequin/Character/Materials/M_UE4Man_Body.uasset" 825
"M:/506/DES506/Content/Mannequin/Character/Textures/UE4Man_Logo_N.uasset" 826
"M:/506/DES506/Content/Mannequin/Character/Materials/M_UE4Man_ChestLogo.uasset" 827
"M:/506/DES506/Content/Mannequin/Character/Mesh/SK_Mannequin_PhysicsAsset.uasset" 828
"M:/506/DES506/Content/Mannequin/Character/Mesh/SK_Mannequin.uasset" 829
"M:/506/DES506/Content/TopDownBP/Blueprints/TopDownCharacter.uasset" 830
"../../../Engine/Content/EngineSky/C_Sky_Cloud_Color.uasset" 831
"../../../Engine/Content/EngineSky/C_Sky_Horizon_Color.uasset" 832
"../../../Engine/Content/EngineSky/C_Sky_Zenith_Color.uasset" 833
"../../../Engine/Content/EngineSky/BP_Sky_Sphere.uasset" 834
"M:/506/DES506/Content/TopDownBP/Blueprints/TopDownController.uasset" 835
"M:/506/DES506/Content/TopDownBP/Blueprints/TopDownGameMode.uasset" 836
"M:/506/DES506/Content/TopDownBP/Maps/TopDownExampleMap_BuiltData.uasset" 837
"M:/506/DES506/Content/Geometry/Meshes/1M_Cube_Chamfer.uasset" 838
"M:/506/DES506/Content/Project/Art/fire/firemode.uasset" 839
"M:/506/DES506/Content/Project/Art/fire/Enginefire.uasset" 840
"M:/506/DES506/Content/roomrotate/ParticleEffect/laze/LAZE.uasset" 841
"M:/506/DES506/Content/TopDownBP/Maps/TopDownExampleMap.umap" 842
"../../../Engine/Content/Maps/Entry_BuiltData.uasset" 843
"../../../Engine/Content/Maps/Entry.umap" 844
